<?xml version="1.0" encoding="utf-8"?><testsuites name="pytest tests"><testsuite name="pytest" errors="0" failures="0" skipped="1" tests="7" time="2.525" timestamp="2026-03-06T16:18:45.847272+00:00" hostname="agent-env-3d9b7220-e9e2-4bdb-84a2-b7d14bc8b9c9"><testcase classname="backend.tests.test_adinsight_api.TestAdInsightCoreFlows" name="test_root_api_health" time="1.723" /><testcase classname="backend.tests.test_adinsight_api.TestAdInsightCoreFlows" name="test_sync_now_starts_or_reports_running" time="0.147" /><testcase classname="backend.tests.test_adinsight_api.TestAdInsightCoreFlows" name="test_sync_status_has_valid_progress_shape" time="0.110" /><testcase classname="backend.tests.test_adinsight_api.TestAdInsightCoreFlows" name="test_sync_status_eventually_has_completed_non_zero_ads" time="0.112" /><testcase classname="backend.tests.test_adinsight_api.TestAdInsightCoreFlows" name="test_ads_endpoint_returns_required_fields" time="0.164" /><testcase classname="backend.tests.test_adinsight_api.TestAdInsightCoreFlows" name="test_analytics_dashboard_returns_kpis_and_distributions" time="0.125" /><testcase classname="backend.tests.test_adinsight_api.TestAdInsightCoreFlows" name="test_generate_insights_returns_brief_json" time="0.110"><skipped type="pytest.skip" message="Sync in progress; insights generation intentionally blocked">/app/backend/tests/test_adinsight_api.py:105: Sync in progress; insights generation intentionally blocked</skipped></testcase></testsuite></testsuites>